2020-03-05 09:42:17,894 INFO notifyConnectTimeout:200

2020-03-05 09:42:17,896 INFO notifySocketTimeout:8000

2020-03-05 09:42:17,897 INFO isHealthCheck:true

2020-03-05 09:42:17,897 INFO maxHealthCheckFailCount:12

2020-03-05 09:42:17,897 INFO maxContent:10485760

2020-03-05 09:42:20,017 INFO Schema 'NACOS' already exists.

2020-03-05 09:42:20,129 INFO Table/View 'CONFIG_INFO' already exists in Schema 'NACOS'.

2020-03-05 09:42:20,241 INFO Table/View 'HIS_CONFIG_INFO' already exists in Schema 'NACOS'.

2020-03-05 09:42:20,324 INFO Table/View 'CONFIG_INFO_BETA' already exists in Schema 'NACOS'.

2020-03-05 09:42:20,433 INFO Table/View 'CONFIG_INFO_TAG' already exists in Schema 'NACOS'.

2020-03-05 09:42:20,533 INFO Table/View 'CONFIG_INFO_AGGR' already exists in Schema 'NACOS'.

2020-03-05 09:42:20,642 INFO Table/View 'APP_LIST' already exists in Schema 'NACOS'.

2020-03-05 09:42:20,741 INFO Table/View 'APP_CONFIGDATA_RELATION_SUBS' already exists in Schema 'NACOS'.

2020-03-05 09:42:20,842 INFO Table/View 'APP_CONFIGDATA_RELATION_PUBS' already exists in Schema 'NACOS'.

2020-03-05 09:42:20,942 INFO Table/View 'CONFIG_TAGS_RELATION' already exists in Schema 'NACOS'.

2020-03-05 09:42:21,043 INFO Table/View 'GROUP_CAPACITY' already exists in Schema 'NACOS'.

2020-03-05 09:42:21,141 INFO Table/View 'TENANT_CAPACITY' already exists in Schema 'NACOS'.

2020-03-05 09:42:21,243 INFO Table/View 'TENANT_INFO' already exists in Schema 'NACOS'.

2020-03-05 09:42:21,344 INFO Table/View 'USERS' already exists in Schema 'NACOS'.

2020-03-05 09:42:21,443 INFO Table/View 'ROLES' already exists in Schema 'NACOS'.

2020-03-05 09:42:21,527 INFO The statement was aborted because it would have caused a duplicate key value in a unique or primary key constraint or unique index identified by 'SQL200304111518830' defined on 'USERS'.

2020-03-05 09:42:22,456 INFO ServerListService address-server port:8848

2020-03-05 09:42:22,456 INFO ADDRESS_SERVER_URL:http://jmenv.tbsite.net:8080/nacos/serverlist

2020-03-05 09:42:22,459 WARN [serverlist] updated to [192.168.0.104]

2020-03-05 09:42:22,572 WARN DumpService start

2020-03-05 09:42:22,577 INFO start clear all config-info.

2020-03-05 09:42:22,583 WARN clear all config-info failed.

2020-03-05 09:42:22,583 WARN clear all config-info-tenant failed.

2020-03-05 09:42:22,660 INFO start clear all config-info-beta.

2020-03-05 09:42:22,661 WARN clear all config-info-beta failed.

2020-03-05 09:42:22,661 WARN clear all config-info-beta-tenant failed.

2020-03-05 09:42:22,675 INFO start clear all config-info-tag.

2020-03-05 09:42:22,675 WARN clear all config-info-tag failed.

2020-03-05 09:42:22,676 WARN clear all config-info-tag-tenant failed.

