2020-03-08 10:36:32,015 WARN clearConfigHistory start

2020-03-08 10:44:07,097 INFO [capacityManagement] start correct usage

2020-03-08 10:44:07,099 INFO [capacityManagement] end correct usage, cost: 0s

2020-03-08 10:46:33,270 WARN clearConfigHistory start

2020-03-08 10:54:07,101 INFO [capacityManagement] start correct usage

2020-03-08 10:54:07,101 INFO [capacityManagement] end correct usage, cost: 0s

2020-03-08 10:56:33,272 WARN clearConfigHistory start

2020-03-08 11:04:07,102 INFO [capacityManagement] start correct usage

2020-03-08 11:04:07,103 INFO [capacityManagement] end correct usage, cost: 0s

2020-03-08 11:06:33,273 WARN clearConfigHistory start

2020-03-08 11:14:07,104 INFO [capacityManagement] start correct usage

2020-03-08 11:14:07,106 INFO [capacityManagement] end correct usage, cost: 0s

2020-03-08 11:16:33,275 WARN clearConfigHistory start

2020-03-08 11:24:07,107 INFO [capacityManagement] start correct usage

2020-03-08 11:24:07,107 INFO [capacityManagement] end correct usage, cost: 0s

2020-03-08 11:26:33,276 WARN clearConfigHistory start

2020-03-08 11:34:07,108 INFO [capacityManagement] start correct usage

2020-03-08 11:34:07,109 INFO [capacityManagement] end correct usage, cost: 0s

2020-03-08 11:36:33,278 WARN clearConfigHistory start

2020-03-08 11:44:07,110 INFO [capacityManagement] start correct usage

2020-03-08 11:44:07,111 INFO [capacityManagement] end correct usage, cost: 0s

2020-03-08 11:46:33,280 WARN clearConfigHistory start

2020-03-08 11:54:07,111 INFO [capacityManagement] start correct usage

2020-03-08 11:54:07,113 INFO [capacityManagement] end correct usage, cost: 0s

2020-03-08 11:56:33,283 WARN clearConfigHistory start

2020-03-08 12:04:07,113 INFO [capacityManagement] start correct usage

2020-03-08 12:04:07,114 INFO [capacityManagement] end correct usage, cost: 0s

2020-03-08 12:06:33,285 WARN clearConfigHistory start

2020-03-08 12:14:07,115 INFO [capacityManagement] start correct usage

2020-03-08 12:14:07,115 INFO [capacityManagement] end correct usage, cost: 0s

2020-03-08 12:16:33,287 WARN clearConfigHistory start

2020-03-08 12:23:58,261 INFO Expired JWT token.

2020-03-08 12:23:58,268 ERROR Responding with unauthorized error. Message - Full authentication is required to access this resource

2020-03-08 12:24:07,117 INFO [capacityManagement] start correct usage

2020-03-08 12:24:07,125 INFO [capacityManagement] end correct usage, cost: 0s

2020-03-08 12:26:33,289 WARN clearConfigHistory start

2020-03-08 12:34:07,125 INFO [capacityManagement] start correct usage

2020-03-08 12:34:07,126 INFO [capacityManagement] end correct usage, cost: 0s

2020-03-08 12:36:33,292 WARN clearConfigHistory start

2020-03-08 12:44:07,127 INFO [capacityManagement] start correct usage

2020-03-08 12:44:07,127 INFO [capacityManagement] end correct usage, cost: 0s

2020-03-08 12:46:33,294 WARN clearConfigHistory start

2020-03-08 12:54:07,128 INFO [capacityManagement] start correct usage

2020-03-08 12:54:07,129 INFO [capacityManagement] end correct usage, cost: 0s

2020-03-08 12:56:33,295 WARN clearConfigHistory start

2020-03-08 13:04:07,130 INFO [capacityManagement] start correct usage

2020-03-08 13:04:07,130 INFO [capacityManagement] end correct usage, cost: 0s

2020-03-08 13:06:33,297 WARN clearConfigHistory start

2020-03-08 13:14:07,131 INFO [capacityManagement] start correct usage

2020-03-08 13:14:07,132 INFO [capacityManagement] end correct usage, cost: 0s

2020-03-08 13:16:33,298 WARN clearConfigHistory start

2020-03-08 13:24:07,132 INFO [capacityManagement] start correct usage

2020-03-08 13:24:07,133 INFO [capacityManagement] end correct usage, cost: 0s

2020-03-08 13:26:33,300 WARN clearConfigHistory start

2020-03-08 13:34:07,134 INFO [capacityManagement] start correct usage

2020-03-08 13:34:07,135 INFO [capacityManagement] end correct usage, cost: 0s

2020-03-08 13:36:33,302 WARN clearConfigHistory start

2020-03-08 13:44:07,136 INFO [capacityManagement] start correct usage

2020-03-08 13:44:07,137 INFO [capacityManagement] end correct usage, cost: 0s

2020-03-08 13:46:33,304 WARN clearConfigHistory start

2020-03-08 13:54:07,137 INFO [capacityManagement] start correct usage

2020-03-08 13:54:07,138 INFO [capacityManagement] end correct usage, cost: 0s

2020-03-08 13:56:33,305 WARN clearConfigHistory start

2020-03-08 14:04:07,138 INFO [capacityManagement] start correct usage

2020-03-08 14:04:07,139 INFO [capacityManagement] end correct usage, cost: 0s

2020-03-08 14:06:33,308 WARN clearConfigHistory start

2020-03-08 14:14:07,140 INFO [capacityManagement] start correct usage

2020-03-08 14:14:07,141 INFO [capacityManagement] end correct usage, cost: 0s

2020-03-08 14:16:33,309 WARN clearConfigHistory start

2020-03-08 14:24:07,142 INFO [capacityManagement] start correct usage

2020-03-08 14:24:07,143 INFO [capacityManagement] end correct usage, cost: 0s

2020-03-08 14:26:33,311 WARN clearConfigHistory start

2020-03-08 14:34:07,144 INFO [capacityManagement] start correct usage

2020-03-08 14:34:07,145 INFO [capacityManagement] end correct usage, cost: 0s

2020-03-08 14:36:33,314 WARN clearConfigHistory start

2020-03-08 14:44:07,146 INFO [capacityManagement] start correct usage

2020-03-08 14:44:07,148 INFO [capacityManagement] end correct usage, cost: 0s

2020-03-08 14:46:33,335 WARN clearConfigHistory start

2020-03-08 14:51:54,404 INFO Expired JWT token.

2020-03-08 14:51:54,408 ERROR Responding with unauthorized error. Message - Full authentication is required to access this resource

2020-03-08 14:54:07,149 INFO [capacityManagement] start correct usage

2020-03-08 14:54:07,149 INFO [capacityManagement] end correct usage, cost: 0s

2020-03-08 14:56:33,343 WARN clearConfigHistory start

2020-03-08 15:04:07,150 INFO [capacityManagement] start correct usage

2020-03-08 15:04:07,151 INFO [capacityManagement] end correct usage, cost: 0s

2020-03-08 15:06:33,345 WARN clearConfigHistory start

2020-03-08 15:14:07,152 INFO [capacityManagement] start correct usage

2020-03-08 15:14:07,153 INFO [capacityManagement] end correct usage, cost: 0s

2020-03-08 15:16:33,347 WARN clearConfigHistory start

2020-03-08 15:24:07,154 INFO [capacityManagement] start correct usage

2020-03-08 15:24:07,165 INFO [capacityManagement] end correct usage, cost: 0s

2020-03-08 15:26:33,349 WARN clearConfigHistory start

2020-03-08 15:34:07,166 INFO [capacityManagement] start correct usage

2020-03-08 15:34:07,167 INFO [capacityManagement] end correct usage, cost: 0s

2020-03-08 15:36:33,354 WARN clearConfigHistory start

2020-03-08 15:44:07,167 INFO [capacityManagement] start correct usage

2020-03-08 15:44:07,168 INFO [capacityManagement] end correct usage, cost: 0s

2020-03-08 15:46:33,356 WARN clearConfigHistory start

