2020-03-08 10:39:37,374 INFO PERFORMANCE:|2|2|-1|-1

2020-03-08 10:44:37,378 INFO PERFORMANCE:|2|2|-1|-1

2020-03-08 10:49:37,379 INFO PERFORMANCE:|2|2|-1|-1

2020-03-08 10:54:37,379 INFO PERFORMANCE:|2|2|-1|-1

2020-03-08 10:59:37,380 INFO PERFORMANCE:|2|2|-1|-1

2020-03-08 11:04:37,381 INFO PERFORMANCE:|2|2|-1|-1

2020-03-08 11:09:37,381 INFO PERFORMANCE:|2|2|-1|-1

2020-03-08 11:14:37,382 INFO PERFORMANCE:|2|2|-1|-1

2020-03-08 11:19:37,383 INFO PERFORMANCE:|2|2|-1|-1

2020-03-08 11:24:37,383 INFO PERFORMANCE:|2|2|-1|-1

2020-03-08 11:29:37,384 INFO PERFORMANCE:|2|2|-1|-1

2020-03-08 11:34:37,385 INFO PERFORMANCE:|2|2|-1|-1

2020-03-08 11:39:37,385 INFO PERFORMANCE:|2|2|-1|-1

2020-03-08 11:44:37,386 INFO PERFORMANCE:|2|2|-1|-1

2020-03-08 11:49:37,387 INFO PERFORMANCE:|2|2|-1|-1

2020-03-08 11:54:37,387 INFO PERFORMANCE:|2|2|-1|-1

2020-03-08 11:59:37,388 INFO PERFORMANCE:|2|2|-1|-1

2020-03-08 12:04:37,389 INFO PERFORMANCE:|2|2|-1|-1

2020-03-08 12:09:37,390 INFO PERFORMANCE:|2|2|-1|-1

2020-03-08 12:14:37,390 INFO PERFORMANCE:|2|2|-1|-1

2020-03-08 12:19:37,391 INFO PERFORMANCE:|2|2|-1|-1

2020-03-08 12:24:37,392 INFO PERFORMANCE:|2|2|-1|-1

2020-03-08 12:29:37,392 INFO PERFORMANCE:|2|2|-1|-1

2020-03-08 12:34:37,393 INFO PERFORMANCE:|2|2|-1|-1

2020-03-08 12:39:37,394 INFO PERFORMANCE:|2|2|-1|-1

2020-03-08 12:44:37,394 INFO PERFORMANCE:|2|2|-1|-1

2020-03-08 12:49:37,394 INFO PERFORMANCE:|2|2|-1|-1

2020-03-08 12:54:37,395 INFO PERFORMANCE:|2|2|-1|-1

2020-03-08 12:59:37,396 INFO PERFORMANCE:|2|2|-1|-1

2020-03-08 13:04:37,396 INFO PERFORMANCE:|2|2|-1|-1

2020-03-08 13:09:37,397 INFO PERFORMANCE:|2|2|-1|-1

2020-03-08 13:14:37,397 INFO PERFORMANCE:|2|2|-1|-1

2020-03-08 13:19:37,398 INFO PERFORMANCE:|2|2|-1|-1

2020-03-08 13:24:37,399 INFO PERFORMANCE:|2|2|-1|-1

2020-03-08 13:29:37,399 INFO PERFORMANCE:|2|2|-1|-1

2020-03-08 13:34:37,400 INFO PERFORMANCE:|2|2|-1|-1

2020-03-08 13:39:37,401 INFO PERFORMANCE:|2|2|-1|-1

2020-03-08 13:44:37,401 INFO PERFORMANCE:|2|2|-1|-1

2020-03-08 13:49:37,402 INFO PERFORMANCE:|2|2|-1|-1

2020-03-08 13:54:37,402 INFO PERFORMANCE:|2|2|-1|-1

2020-03-08 13:59:37,403 INFO PERFORMANCE:|2|1|-1|-1

2020-03-08 14:04:37,404 INFO PERFORMANCE:|2|2|-1|-1

2020-03-08 14:09:37,405 INFO PERFORMANCE:|2|2|-1|-1

2020-03-08 14:14:37,405 INFO PERFORMANCE:|2|2|-1|-1

2020-03-08 14:19:37,406 INFO PERFORMANCE:|2|2|-1|-1

2020-03-08 14:24:37,407 INFO PERFORMANCE:|2|1|-1|-1

2020-03-08 14:29:37,407 INFO PERFORMANCE:|2|1|-1|-1

2020-03-08 14:34:37,408 INFO PERFORMANCE:|2|1|-1|-1

2020-03-08 14:39:37,409 INFO PERFORMANCE:|2|1|-1|-1

2020-03-08 14:44:37,410 INFO PERFORMANCE:|2|1|-1|-1

2020-03-08 14:49:37,411 INFO PERFORMANCE:|2|1|-1|-1

2020-03-08 14:54:37,412 INFO PERFORMANCE:|2|2|-1|-1

2020-03-08 14:59:37,413 INFO PERFORMANCE:|2|2|-1|-1

2020-03-08 15:04:37,413 INFO PERFORMANCE:|2|2|-1|-1

2020-03-08 15:09:37,414 INFO PERFORMANCE:|2|2|-1|-1

2020-03-08 15:14:37,415 INFO PERFORMANCE:|2|2|-1|-1

2020-03-08 15:19:37,416 INFO PERFORMANCE:|2|2|2|2

2020-03-08 15:24:37,417 INFO PERFORMANCE:|2|2|-1|-1

2020-03-08 15:29:37,418 INFO PERFORMANCE:|2|0|-1|-1

2020-03-08 15:34:37,418 INFO PERFORMANCE:|2|0|-1|-1

2020-03-08 15:39:37,419 INFO PERFORMANCE:|2|0|-1|-1

2020-03-08 15:44:37,420 INFO PERFORMANCE:|2|0|-1|-1

